running egg_info
creating ../../build/lekiwi_description/lekiwi_description.egg-info
writing ../../build/lekiwi_description/lekiwi_description.egg-info/PKG-INFO
writing dependency_links to ../../build/lekiwi_description/lekiwi_description.egg-info/dependency_links.txt
writing requirements to ../../build/lekiwi_description/lekiwi_description.egg-info/requires.txt
writing top-level names to ../../build/lekiwi_description/lekiwi_description.egg-info/top_level.txt
writing manifest file '../../build/lekiwi_description/lekiwi_description.egg-info/SOURCES.txt'
reading manifest file '../../build/lekiwi_description/lekiwi_description.egg-info/SOURCES.txt'
writing manifest file '../../build/lekiwi_description/lekiwi_description.egg-info/SOURCES.txt'
running build
running build_py
creating /home/anirudh/lekiwi_ws/build/lekiwi_description/build
creating /home/anirudh/lekiwi_ws/build/lekiwi_description/build/lib
creating /home/anirudh/lekiwi_ws/build/lekiwi_description/build/lib/lekiwi_description
copying lekiwi_description/__init__.py -> /home/anirudh/lekiwi_ws/build/lekiwi_description/build/lib/lekiwi_description
running install
running install_lib
creating /home/anirudh/lekiwi_ws/install/lekiwi_description/lib/python3.12/site-packages/lekiwi_description
copying /home/anirudh/lekiwi_ws/build/lekiwi_description/build/lib/lekiwi_description/__init__.py -> /home/anirudh/lekiwi_ws/install/lekiwi_description/lib/python3.12/site-packages/lekiwi_description
byte-compiling /home/anirudh/lekiwi_ws/install/lekiwi_description/lib/python3.12/site-packages/lekiwi_description/__init__.py to __init__.cpython-312.pyc
running install_data
creating /home/anirudh/lekiwi_ws/install/lekiwi_description/share/ament_index
creating /home/anirudh/lekiwi_ws/install/lekiwi_description/share/ament_index/resource_index
creating /home/anirudh/lekiwi_ws/install/lekiwi_description/share/ament_index/resource_index/packages
copying resource/lekiwi_description -> /home/anirudh/lekiwi_ws/install/lekiwi_description/share/ament_index/resource_index/packages
copying package.xml -> /home/anirudh/lekiwi_ws/install/lekiwi_description/share/lekiwi_description
creating /home/anirudh/lekiwi_ws/install/lekiwi_description/share/lekiwi_description/URDF
copying URDF/lekiwi.urdf.xacro -> /home/anirudh/lekiwi_ws/install/lekiwi_description/share/lekiwi_description/URDF
creating /home/anirudh/lekiwi_ws/install/lekiwi_description/share/lekiwi_description/URDF/meshes
copying URDF/meshes/omni_wheel_mount-v5-1.stl -> /home/anirudh/lekiwi_ws/install/lekiwi_description/share/lekiwi_description/URDF/meshes
copying URDF/meshes/base_plate_layer1-v5.stl -> /home/anirudh/lekiwi_ws/install/lekiwi_description/share/lekiwi_description/URDF/meshes
copying URDF/meshes/ST3215_Servo_Motor-v1-1.stl -> /home/anirudh/lekiwi_ws/install/lekiwi_description/share/lekiwi_description/URDF/meshes
copying URDF/meshes/Top-V2-v2.stl -> /home/anirudh/lekiwi_ws/install/lekiwi_description/share/lekiwi_description/URDF/meshes
copying URDF/meshes/Wrist-Camera-Mount-v11.stl -> /home/anirudh/lekiwi_ws/install/lekiwi_description/share/lekiwi_description/URDF/meshes
copying URDF/meshes/Battery---Battery-5.2-Ah-DC5521-Plug-v2.stl -> /home/anirudh/lekiwi_ws/install/lekiwi_description/share/lekiwi_description/URDF/meshes
copying URDF/meshes/servo_controller_mount-v3.stl -> /home/anirudh/lekiwi_ws/install/lekiwi_description/share/lekiwi_description/URDF/meshes
copying URDF/meshes/Wrist_Roll_08c-v1.stl -> /home/anirudh/lekiwi_ws/install/lekiwi_description/share/lekiwi_description/URDF/meshes
copying URDF/meshes/94868A713_NO-THREADS_Female-Threaded-Hex-Standoff-2.stl -> /home/anirudh/lekiwi_ws/install/lekiwi_description/share/lekiwi_description/URDF/meshes
copying URDF/meshes/base_plate_layer2-v3.stl -> /home/anirudh/lekiwi_ws/install/lekiwi_description/share/lekiwi_description/URDF/meshes
copying URDF/meshes/4-Omni-Directional-Wheel_Single_Body-v1.stl -> /home/anirudh/lekiwi_ws/install/lekiwi_description/share/lekiwi_description/URDF/meshes
copying URDF/meshes/SO_ARM100_08k_116_Square-v1.stl -> /home/anirudh/lekiwi_ws/install/lekiwi_description/share/lekiwi_description/URDF/meshes
copying URDF/meshes/STS3215_03a-v1-2.stl -> /home/anirudh/lekiwi_ws/install/lekiwi_description/share/lekiwi_description/URDF/meshes
copying URDF/meshes/94868A713_NO-THREADS_Female-Threaded-Hex-Standoff.stl -> /home/anirudh/lekiwi_ws/install/lekiwi_description/share/lekiwi_description/URDF/meshes
copying URDF/meshes/ST3215_Servo_Motor-v1-2.stl -> /home/anirudh/lekiwi_ws/install/lekiwi_description/share/lekiwi_description/URDF/meshes
copying URDF/meshes/94868A713_NO-THREADS_Female-Threaded-Hex-Standoff-5.stl -> /home/anirudh/lekiwi_ws/install/lekiwi_description/share/lekiwi_description/URDF/meshes
copying URDF/meshes/Base_08q-v1.stl -> /home/anirudh/lekiwi_ws/install/lekiwi_description/share/lekiwi_description/URDF/meshes
copying URDF/meshes/WaveShare_Mounting_Plate_01d-v1.stl -> /home/anirudh/lekiwi_ws/install/lekiwi_description/share/lekiwi_description/URDF/meshes
copying URDF/meshes/Moving_Jaw_08d-v1.stl -> /home/anirudh/lekiwi_ws/install/lekiwi_description/share/lekiwi_description/URDF/meshes
copying URDF/meshes/Wrist_Roll_Pitch_08i-v1.stl -> /home/anirudh/lekiwi_ws/install/lekiwi_description/share/lekiwi_description/URDF/meshes
copying URDF/meshes/lipo_battery_mount-v3.stl -> /home/anirudh/lekiwi_ws/install/lekiwi_description/share/lekiwi_description/URDF/meshes
copying URDF/meshes/SO_ARM100_08k_Mirror-v1.stl -> /home/anirudh/lekiwi_ws/install/lekiwi_description/share/lekiwi_description/URDF/meshes
copying URDF/meshes/Bottom-V2-v3.stl -> /home/anirudh/lekiwi_ws/install/lekiwi_description/share/lekiwi_description/URDF/meshes
copying URDF/meshes/Passive_Horn_01-v1.stl -> /home/anirudh/lekiwi_ws/install/lekiwi_description/share/lekiwi_description/URDF/meshes
copying URDF/meshes/4-Omni-Directional-Wheel_Single_Body-v1-1.stl -> /home/anirudh/lekiwi_ws/install/lekiwi_description/share/lekiwi_description/URDF/meshes
copying URDF/meshes/Camera-Mount-v8.stl -> /home/anirudh/lekiwi_ws/install/lekiwi_description/share/lekiwi_description/URDF/meshes
copying URDF/meshes/drive_motor_mount-v11.stl -> /home/anirudh/lekiwi_ws/install/lekiwi_description/share/lekiwi_description/URDF/meshes
copying URDF/meshes/ST3215_Servo_Motor-v1.stl -> /home/anirudh/lekiwi_ws/install/lekiwi_description/share/lekiwi_description/URDF/meshes
copying URDF/meshes/Camera-Model-v3-1.stl -> /home/anirudh/lekiwi_ws/install/lekiwi_description/share/lekiwi_description/URDF/meshes
copying URDF/meshes/94868A713_NO-THREADS_Female-Threaded-Hex-Standoff-1.stl -> /home/anirudh/lekiwi_ws/install/lekiwi_description/share/lekiwi_description/URDF/meshes
copying URDF/meshes/STS3215_03a_Wrist_Roll-v1.stl -> /home/anirudh/lekiwi_ws/install/lekiwi_description/share/lekiwi_description/URDF/meshes
copying URDF/meshes/94868A713_NO-THREADS_Female-Threaded-Hex-Standoff-3.stl -> /home/anirudh/lekiwi_ws/install/lekiwi_description/share/lekiwi_description/URDF/meshes
copying URDF/meshes/94868A713_NO-THREADS_Female-Threaded-Hex-Standoff-4.stl -> /home/anirudh/lekiwi_ws/install/lekiwi_description/share/lekiwi_description/URDF/meshes
copying URDF/meshes/STS3215_03a-v1-4.stl -> /home/anirudh/lekiwi_ws/install/lekiwi_description/share/lekiwi_description/URDF/meshes
copying URDF/meshes/STS3215_03a-v1-1.stl -> /home/anirudh/lekiwi_ws/install/lekiwi_description/share/lekiwi_description/URDF/meshes
copying URDF/meshes/omni_wheel_mount-v5.stl -> /home/anirudh/lekiwi_ws/install/lekiwi_description/share/lekiwi_description/URDF/meshes
copying URDF/meshes/drive_motor_mount-v11-2.stl -> /home/anirudh/lekiwi_ws/install/lekiwi_description/share/lekiwi_description/URDF/meshes
copying URDF/meshes/omni_wheel_mount-v5-2.stl -> /home/anirudh/lekiwi_ws/install/lekiwi_description/share/lekiwi_description/URDF/meshes
copying URDF/meshes/STS3215_03a-v1.stl -> /home/anirudh/lekiwi_ws/install/lekiwi_description/share/lekiwi_description/URDF/meshes
copying URDF/meshes/Camera-Model-v3.stl -> /home/anirudh/lekiwi_ws/install/lekiwi_description/share/lekiwi_description/URDF/meshes
copying URDF/meshes/Rotation_Pitch_08i-v1.stl -> /home/anirudh/lekiwi_ws/install/lekiwi_description/share/lekiwi_description/URDF/meshes
copying URDF/meshes/STS3215_03a-v1-3.stl -> /home/anirudh/lekiwi_ws/install/lekiwi_description/share/lekiwi_description/URDF/meshes
copying URDF/meshes/4-Omni-Directional-Wheel_Single_Body-v1-2.stl -> /home/anirudh/lekiwi_ws/install/lekiwi_description/share/lekiwi_description/URDF/meshes
copying URDF/meshes/drive_motor_mount-v11-1.stl -> /home/anirudh/lekiwi_ws/install/lekiwi_description/share/lekiwi_description/URDF/meshes
copying URDF/meshes/SO_ARM100_08k_Asym_Mirror_Clip-v1.stl -> /home/anirudh/lekiwi_ws/install/lekiwi_description/share/lekiwi_description/URDF/meshes
creating /home/anirudh/lekiwi_ws/install/lekiwi_description/share/lekiwi_description/ros2_control
copying ros2_control/lekiwi_ros2_control.xacro -> /home/anirudh/lekiwi_ws/install/lekiwi_description/share/lekiwi_description/ros2_control
running install_egg_info
Copying ../../build/lekiwi_description/lekiwi_description.egg-info to /home/anirudh/lekiwi_ws/install/lekiwi_description/lib/python3.12/site-packages/lekiwi_description-0.0.0-py3.12.egg-info
running install_scripts
writing list of installed files to '/home/anirudh/lekiwi_ws/build/lekiwi_description/install.log'
