[0.010s] Invoking command in '/home/anirudh/lekiwi_ws/build/lekiwi_moveit_pkg': CMAKE_PREFIX_PATH=${CMAKE_PREFIX_PATH}:/home/anirudh/lekiwi_ws/install/lekiwi_description:/home/anirudh/lekiwi_ws/install/lekiwi_bringup:/home/anirudh/omx_ws/install/open_manipulator_teleop:/home/anirudh/omx_ws/install/open_manipulator_bringup:/opt/ros/jazzy DEBUGINFOD_URLS=https://debuginfod.ubuntu.com /usr/bin/cmake /home/anirudh/lekiwi_ws/src/lekiwi_moveit_pkg -DCMAKE_INSTALL_PREFIX=/home/anirudh/lekiwi_ws/install/lekiwi_moveit_pkg
[0.150s] -- The C compiler identification is GNU 13.3.0
[0.231s] -- The CXX compiler identification is GNU 13.3.0
[0.251s] -- Detecting C compiler ABI info
[0.374s] -- Detecting C compiler ABI info - done
[0.384s] -- Check for working C compiler: /usr/bin/cc - skipped
[0.386s] -- Detecting C compile features
[0.386s] -- Detecting C compile features - done
[0.398s] -- Detecting CXX compiler ABI info
[0.506s] -- Detecting CXX compiler ABI info - done
[0.515s] -- Check for working CXX compiler: /usr/bin/c++ - skipped
[0.515s] -- Detecting CXX compile features
[0.515s] -- Detecting CXX compile features - done
[0.524s] -- Found ament_cmake: 2.5.4 (/opt/ros/jazzy/share/ament_cmake/cmake)
[0.667s] -- Found Python3: /usr/bin/python3 (found version "3.12.3") found components: Interpreter 
[0.846s] -- Configuring done (0.8s)
[0.848s] -- Generating done (0.0s)
[0.849s] -- Build files have been written to: /home/anirudh/lekiwi_ws/build/lekiwi_moveit_pkg
[0.853s] Invoked command in '/home/anirudh/lekiwi_ws/build/lekiwi_moveit_pkg' returned '0': CMAKE_PREFIX_PATH=${CMAKE_PREFIX_PATH}:/home/anirudh/lekiwi_ws/install/lekiwi_description:/home/anirudh/lekiwi_ws/install/lekiwi_bringup:/home/anirudh/omx_ws/install/open_manipulator_teleop:/home/anirudh/omx_ws/install/open_manipulator_bringup:/opt/ros/jazzy DEBUGINFOD_URLS=https://debuginfod.ubuntu.com /usr/bin/cmake /home/anirudh/lekiwi_ws/src/lekiwi_moveit_pkg -DCMAKE_INSTALL_PREFIX=/home/anirudh/lekiwi_ws/install/lekiwi_moveit_pkg
[0.854s] Invoking command in '/home/anirudh/lekiwi_ws/build/lekiwi_moveit_pkg': CMAKE_PREFIX_PATH=${CMAKE_PREFIX_PATH}:/home/anirudh/lekiwi_ws/install/lekiwi_description:/home/anirudh/lekiwi_ws/install/lekiwi_bringup:/home/anirudh/omx_ws/install/open_manipulator_teleop:/home/anirudh/omx_ws/install/open_manipulator_bringup:/opt/ros/jazzy DEBUGINFOD_URLS=https://debuginfod.ubuntu.com /usr/bin/cmake --build /home/anirudh/lekiwi_ws/build/lekiwi_moveit_pkg -- -j20 -l20
[0.899s] Invoked command in '/home/anirudh/lekiwi_ws/build/lekiwi_moveit_pkg' returned '0': CMAKE_PREFIX_PATH=${CMAKE_PREFIX_PATH}:/home/anirudh/lekiwi_ws/install/lekiwi_description:/home/anirudh/lekiwi_ws/install/lekiwi_bringup:/home/anirudh/omx_ws/install/open_manipulator_teleop:/home/anirudh/omx_ws/install/open_manipulator_bringup:/opt/ros/jazzy DEBUGINFOD_URLS=https://debuginfod.ubuntu.com /usr/bin/cmake --build /home/anirudh/lekiwi_ws/build/lekiwi_moveit_pkg -- -j20 -l20
[0.910s] Invoking command in '/home/anirudh/lekiwi_ws/build/lekiwi_moveit_pkg': CMAKE_PREFIX_PATH=${CMAKE_PREFIX_PATH}:/home/anirudh/lekiwi_ws/install/lekiwi_description:/home/anirudh/lekiwi_ws/install/lekiwi_bringup:/home/anirudh/omx_ws/install/open_manipulator_teleop:/home/anirudh/omx_ws/install/open_manipulator_bringup:/opt/ros/jazzy DEBUGINFOD_URLS=https://debuginfod.ubuntu.com /usr/bin/cmake --install /home/anirudh/lekiwi_ws/build/lekiwi_moveit_pkg
[0.920s] -- Install configuration: ""
[0.921s] -- Installing: /home/anirudh/lekiwi_ws/install/lekiwi_moveit_pkg/share/ament_index/resource_index/package_run_dependencies/lekiwi_moveit_pkg
[0.921s] -- Installing: /home/anirudh/lekiwi_ws/install/lekiwi_moveit_pkg/share/ament_index/resource_index/parent_prefix_path/lekiwi_moveit_pkg
[0.921s] -- Installing: /home/anirudh/lekiwi_ws/install/lekiwi_moveit_pkg/share/lekiwi_moveit_pkg/environment/ament_prefix_path.sh
[0.921s] -- Installing: /home/anirudh/lekiwi_ws/install/lekiwi_moveit_pkg/share/lekiwi_moveit_pkg/environment/ament_prefix_path.dsv
[0.921s] -- Installing: /home/anirudh/lekiwi_ws/install/lekiwi_moveit_pkg/share/lekiwi_moveit_pkg/environment/path.sh
[0.921s] -- Installing: /home/anirudh/lekiwi_ws/install/lekiwi_moveit_pkg/share/lekiwi_moveit_pkg/environment/path.dsv
[0.922s] -- Installing: /home/anirudh/lekiwi_ws/install/lekiwi_moveit_pkg/share/lekiwi_moveit_pkg/local_setup.bash
[0.922s] -- Installing: /home/anirudh/lekiwi_ws/install/lekiwi_moveit_pkg/share/lekiwi_moveit_pkg/local_setup.sh
[0.922s] -- Installing: /home/anirudh/lekiwi_ws/install/lekiwi_moveit_pkg/share/lekiwi_moveit_pkg/local_setup.zsh
[0.922s] -- Installing: /home/anirudh/lekiwi_ws/install/lekiwi_moveit_pkg/share/lekiwi_moveit_pkg/local_setup.dsv
[0.922s] -- Installing: /home/anirudh/lekiwi_ws/install/lekiwi_moveit_pkg/share/lekiwi_moveit_pkg/package.dsv
[0.922s] -- Installing: /home/anirudh/lekiwi_ws/install/lekiwi_moveit_pkg/share/ament_index/resource_index/packages/lekiwi_moveit_pkg
[0.922s] -- Installing: /home/anirudh/lekiwi_ws/install/lekiwi_moveit_pkg/share/lekiwi_moveit_pkg/cmake/lekiwi_moveit_pkgConfig.cmake
[0.922s] -- Installing: /home/anirudh/lekiwi_ws/install/lekiwi_moveit_pkg/share/lekiwi_moveit_pkg/cmake/lekiwi_moveit_pkgConfig-version.cmake
[0.922s] -- Installing: /home/anirudh/lekiwi_ws/install/lekiwi_moveit_pkg/share/lekiwi_moveit_pkg/package.xml
[0.922s] -- Installing: /home/anirudh/lekiwi_ws/install/lekiwi_moveit_pkg/share/lekiwi_moveit_pkg/launch
[0.922s] -- Installing: /home/anirudh/lekiwi_ws/install/lekiwi_moveit_pkg/share/lekiwi_moveit_pkg/launch/moveit_rviz.launch.py
[0.922s] -- Installing: /home/anirudh/lekiwi_ws/install/lekiwi_moveit_pkg/share/lekiwi_moveit_pkg/launch/move_group.launch.py
[0.922s] -- Installing: /home/anirudh/lekiwi_ws/install/lekiwi_moveit_pkg/share/lekiwi_moveit_pkg/launch/warehouse_db.launch.py
[0.922s] -- Installing: /home/anirudh/lekiwi_ws/install/lekiwi_moveit_pkg/share/lekiwi_moveit_pkg/launch/demo.launch.py
[0.923s] -- Installing: /home/anirudh/lekiwi_ws/install/lekiwi_moveit_pkg/share/lekiwi_moveit_pkg/launch/setup_assistant.launch.py
[0.923s] -- Installing: /home/anirudh/lekiwi_ws/install/lekiwi_moveit_pkg/share/lekiwi_moveit_pkg/launch/spawn_controllers.launch.py
[0.923s] -- Installing: /home/anirudh/lekiwi_ws/install/lekiwi_moveit_pkg/share/lekiwi_moveit_pkg/launch/rsp.launch.py
[0.923s] -- Installing: /home/anirudh/lekiwi_ws/install/lekiwi_moveit_pkg/share/lekiwi_moveit_pkg/launch/static_virtual_joint_tfs.launch.py
[0.923s] -- Installing: /home/anirudh/lekiwi_ws/install/lekiwi_moveit_pkg/share/lekiwi_moveit_pkg/config
[0.923s] -- Installing: /home/anirudh/lekiwi_ws/install/lekiwi_moveit_pkg/share/lekiwi_moveit_pkg/config/pilz_cartesian_limits.yaml
[0.923s] -- Installing: /home/anirudh/lekiwi_ws/install/lekiwi_moveit_pkg/share/lekiwi_moveit_pkg/config/ros2_controllers.yaml
[0.923s] -- Installing: /home/anirudh/lekiwi_ws/install/lekiwi_moveit_pkg/share/lekiwi_moveit_pkg/config/moveit.rviz
[0.923s] -- Installing: /home/anirudh/lekiwi_ws/install/lekiwi_moveit_pkg/share/lekiwi_moveit_pkg/config/LeKiwi.ros2_control.xacro
[0.923s] -- Installing: /home/anirudh/lekiwi_ws/install/lekiwi_moveit_pkg/share/lekiwi_moveit_pkg/config/initial_positions.yaml
[0.923s] -- Installing: /home/anirudh/lekiwi_ws/install/lekiwi_moveit_pkg/share/lekiwi_moveit_pkg/config/joint_limits.yaml
[0.923s] -- Installing: /home/anirudh/lekiwi_ws/install/lekiwi_moveit_pkg/share/lekiwi_moveit_pkg/config/LeKiwi.urdf.xacro
[0.923s] -- Installing: /home/anirudh/lekiwi_ws/install/lekiwi_moveit_pkg/share/lekiwi_moveit_pkg/config/moveit_controllers.yaml
[0.923s] -- Installing: /home/anirudh/lekiwi_ws/install/lekiwi_moveit_pkg/share/lekiwi_moveit_pkg/config/kinematics.yaml
[0.924s] -- Installing: /home/anirudh/lekiwi_ws/install/lekiwi_moveit_pkg/share/lekiwi_moveit_pkg/config/LeKiwi.srdf
[0.924s] -- Installing: /home/anirudh/lekiwi_ws/install/lekiwi_moveit_pkg/share/lekiwi_moveit_pkg/.setup_assistant
[0.926s] Invoked command in '/home/anirudh/lekiwi_ws/build/lekiwi_moveit_pkg' returned '0': CMAKE_PREFIX_PATH=${CMAKE_PREFIX_PATH}:/home/anirudh/lekiwi_ws/install/lekiwi_description:/home/anirudh/lekiwi_ws/install/lekiwi_bringup:/home/anirudh/omx_ws/install/open_manipulator_teleop:/home/anirudh/omx_ws/install/open_manipulator_bringup:/opt/ros/jazzy DEBUGINFOD_URLS=https://debuginfod.ubuntu.com /usr/bin/cmake --install /home/anirudh/lekiwi_ws/build/lekiwi_moveit_pkg
