[0.616s] Invoking command in '/home/anirudh/lekiwi_ws/src/lekiwi_description': DEBUGINFOD_URLS=https://debuginfod.ubuntu.com PYTHONPATH=/home/anirudh/lekiwi_ws/build/lekiwi_description/prefix_override:/usr/lib/python3/dist-packages/colcon_core/task/python/colcon_distutils_commands:/home/anirudh/lekiwi_ws/install/lekiwi_description/lib/python3.12/site-packages:${PYTHONPATH} /usr/bin/python3 -W ignore:setup.py install is deprecated -W ignore:easy_install command is deprecated setup.py egg_info --egg-base ../../build/lekiwi_description build --build-base /home/anirudh/lekiwi_ws/build/lekiwi_description/build install --record /home/anirudh/lekiwi_ws/build/lekiwi_description/install.log --single-version-externally-managed install_data
[0.795s] running egg_info
[0.807s] writing ../../build/lekiwi_description/lekiwi_description.egg-info/PKG-INFO
[0.807s] writing dependency_links to ../../build/lekiwi_description/lekiwi_description.egg-info/dependency_links.txt
[0.807s] writing requirements to ../../build/lekiwi_description/lekiwi_description.egg-info/requires.txt
[0.807s] writing top-level names to ../../build/lekiwi_description/lekiwi_description.egg-info/top_level.txt
[0.832s] reading manifest file '../../build/lekiwi_description/lekiwi_description.egg-info/SOURCES.txt'
[0.832s] writing manifest file '../../build/lekiwi_description/lekiwi_description.egg-info/SOURCES.txt'
[0.833s] running build
[0.833s] running build_py
[0.833s] running install
[0.837s] running install_lib
[0.849s] running install_data
[0.849s] copying URDF/LeKiwi.urdf -> /home/anirudh/lekiwi_ws/install/lekiwi_description/share/lekiwi_description/URDF
[0.850s] running install_egg_info
[0.863s] removing '/home/anirudh/lekiwi_ws/install/lekiwi_description/lib/python3.12/site-packages/lekiwi_description-0.0.0-py3.12.egg-info' (and everything under it)
[0.863s] Copying ../../build/lekiwi_description/lekiwi_description.egg-info to /home/anirudh/lekiwi_ws/install/lekiwi_description/lib/python3.12/site-packages/lekiwi_description-0.0.0-py3.12.egg-info
[0.863s] running install_scripts
[0.946s] writing list of installed files to '/home/anirudh/lekiwi_ws/build/lekiwi_description/install.log'
[0.964s] Invoked command in '/home/anirudh/lekiwi_ws/src/lekiwi_description' returned '0': DEBUGINFOD_URLS=https://debuginfod.ubuntu.com PYTHONPATH=/home/anirudh/lekiwi_ws/build/lekiwi_description/prefix_override:/usr/lib/python3/dist-packages/colcon_core/task/python/colcon_distutils_commands:/home/anirudh/lekiwi_ws/install/lekiwi_description/lib/python3.12/site-packages:${PYTHONPATH} /usr/bin/python3 -W ignore:setup.py install is deprecated -W ignore:easy_install command is deprecated setup.py egg_info --egg-base ../../build/lekiwi_description build --build-base /home/anirudh/lekiwi_ws/build/lekiwi_description/build install --record /home/anirudh/lekiwi_ws/build/lekiwi_description/install.log --single-version-externally-managed install_data
