[1.150s] Invoking command in '/home/anirudh/lekiwi_ws/src/lekiwi_bringup': DEBUGINFOD_URLS=https://debuginfod.ubuntu.com PYTHONPATH=/home/anirudh/lekiwi_ws/build/lekiwi_bringup/prefix_override:/usr/lib/python3/dist-packages/colcon_core/task/python/colcon_distutils_commands:/home/anirudh/lekiwi_ws/install/lekiwi_bringup/lib/python3.12/site-packages:${PYTHONPATH} /usr/bin/python3 -W ignore:setup.py install is deprecated -W ignore:easy_install command is deprecated setup.py egg_info --egg-base ../../build/lekiwi_bringup build --build-base /home/anirudh/lekiwi_ws/build/lekiwi_bringup/build install --record /home/anirudh/lekiwi_ws/build/lekiwi_bringup/install.log --single-version-externally-managed install_data
[1.463s] running egg_info
[1.483s] writing ../../build/lekiwi_bringup/lekiwi_bringup.egg-info/PKG-INFO
[1.484s] writing dependency_links to ../../build/lekiwi_bringup/lekiwi_bringup.egg-info/dependency_links.txt
[1.484s] writing requirements to ../../build/lekiwi_bringup/lekiwi_bringup.egg-info/requires.txt
[1.484s] writing top-level names to ../../build/lekiwi_bringup/lekiwi_bringup.egg-info/top_level.txt
[1.527s] reading manifest file '../../build/lekiwi_bringup/lekiwi_bringup.egg-info/SOURCES.txt'
[1.528s] adding license file 'LICENSE'
[1.528s] writing manifest file '../../build/lekiwi_bringup/lekiwi_bringup.egg-info/SOURCES.txt'
[1.528s] running build
[1.528s] running build_py
[1.528s] running install
[1.536s] running install_lib
[1.558s] running install_data
[1.558s] copying launch/sim.launch.py -> /home/anirudh/lekiwi_ws/install/lekiwi_bringup/share/lekiwi_bringup/launch
[1.558s] running install_egg_info
[1.580s] removing '/home/anirudh/lekiwi_ws/install/lekiwi_bringup/lib/python3.12/site-packages/lekiwi_bringup-0.0.0-py3.12.egg-info' (and everything under it)
[1.581s] Copying ../../build/lekiwi_bringup/lekiwi_bringup.egg-info to /home/anirudh/lekiwi_ws/install/lekiwi_bringup/lib/python3.12/site-packages/lekiwi_bringup-0.0.0-py3.12.egg-info
[1.581s] running install_scripts
[1.726s] writing list of installed files to '/home/anirudh/lekiwi_ws/build/lekiwi_bringup/install.log'
[1.759s] Invoked command in '/home/anirudh/lekiwi_ws/src/lekiwi_bringup' returned '0': DEBUGINFOD_URLS=https://debuginfod.ubuntu.com PYTHONPATH=/home/anirudh/lekiwi_ws/build/lekiwi_bringup/prefix_override:/usr/lib/python3/dist-packages/colcon_core/task/python/colcon_distutils_commands:/home/anirudh/lekiwi_ws/install/lekiwi_bringup/lib/python3.12/site-packages:${PYTHONPATH} /usr/bin/python3 -W ignore:setup.py install is deprecated -W ignore:easy_install command is deprecated setup.py egg_info --egg-base ../../build/lekiwi_bringup build --build-base /home/anirudh/lekiwi_ws/build/lekiwi_bringup/build install --record /home/anirudh/lekiwi_ws/build/lekiwi_bringup/install.log --single-version-externally-managed install_data
