/home/anirudh/lekiwi_ws/install/lekiwi_description/lib/python3.12/site-packages/lekiwi_description/__init__.py
/home/anirudh/lekiwi_ws/install/lekiwi_description/lib/python3.12/site-packages/lekiwi_description/__pycache__/__init__.cpython-312.pyc
/home/anirudh/lekiwi_ws/install/lekiwi_description/share/ament_index/resource_index/packages/lekiwi_description
/home/anirudh/lekiwi_ws/install/lekiwi_description/share/lekiwi_description/package.xml
/home/anirudh/lekiwi_ws/install/lekiwi_description/share/lekiwi_description/URDF/LeKiwi.urdf
/home/anirudh/lekiwi_ws/install/lekiwi_description/share/lekiwi_description/URDF/lekiwi.urdf.xacro
/home/anirudh/lekiwi_ws/install/lekiwi_description/share/lekiwi_description/URDF/meshes/omni_wheel_mount-v5-1.stl
/home/anirudh/lekiwi_ws/install/lekiwi_description/share/lekiwi_description/URDF/meshes/base_plate_layer1-v5.stl
/home/anirudh/lekiwi_ws/install/lekiwi_description/share/lekiwi_description/URDF/meshes/ST3215_Servo_Motor-v1-1.stl
/home/anirudh/lekiwi_ws/install/lekiwi_description/share/lekiwi_description/URDF/meshes/Top-V2-v2.stl
/home/anirudh/lekiwi_ws/install/lekiwi_description/share/lekiwi_description/URDF/meshes/Wrist-Camera-Mount-v11.stl
/home/anirudh/lekiwi_ws/install/lekiwi_description/share/lekiwi_description/URDF/meshes/Battery---Battery-5.2-Ah-DC5521-Plug-v2.stl
/home/anirudh/lekiwi_ws/install/lekiwi_description/share/lekiwi_description/URDF/meshes/servo_controller_mount-v3.stl
/home/anirudh/lekiwi_ws/install/lekiwi_description/share/lekiwi_description/URDF/meshes/Wrist_Roll_08c-v1.stl
/home/anirudh/lekiwi_ws/install/lekiwi_description/share/lekiwi_description/URDF/meshes/94868A713_NO-THREADS_Female-Threaded-Hex-Standoff-2.stl
/home/anirudh/lekiwi_ws/install/lekiwi_description/share/lekiwi_description/URDF/meshes/base_plate_layer2-v3.stl
/home/anirudh/lekiwi_ws/install/lekiwi_description/share/lekiwi_description/URDF/meshes/4-Omni-Directional-Wheel_Single_Body-v1.stl
/home/anirudh/lekiwi_ws/install/lekiwi_description/share/lekiwi_description/URDF/meshes/SO_ARM100_08k_116_Square-v1.stl
/home/anirudh/lekiwi_ws/install/lekiwi_description/share/lekiwi_description/URDF/meshes/STS3215_03a-v1-2.stl
/home/anirudh/lekiwi_ws/install/lekiwi_description/share/lekiwi_description/URDF/meshes/94868A713_NO-THREADS_Female-Threaded-Hex-Standoff.stl
/home/anirudh/lekiwi_ws/install/lekiwi_description/share/lekiwi_description/URDF/meshes/ST3215_Servo_Motor-v1-2.stl
/home/anirudh/lekiwi_ws/install/lekiwi_description/share/lekiwi_description/URDF/meshes/94868A713_NO-THREADS_Female-Threaded-Hex-Standoff-5.stl
/home/anirudh/lekiwi_ws/install/lekiwi_description/share/lekiwi_description/URDF/meshes/Base_08q-v1.stl
/home/anirudh/lekiwi_ws/install/lekiwi_description/share/lekiwi_description/URDF/meshes/WaveShare_Mounting_Plate_01d-v1.stl
/home/anirudh/lekiwi_ws/install/lekiwi_description/share/lekiwi_description/URDF/meshes/Moving_Jaw_08d-v1.stl
/home/anirudh/lekiwi_ws/install/lekiwi_description/share/lekiwi_description/URDF/meshes/Wrist_Roll_Pitch_08i-v1.stl
/home/anirudh/lekiwi_ws/install/lekiwi_description/share/lekiwi_description/URDF/meshes/lipo_battery_mount-v3.stl
/home/anirudh/lekiwi_ws/install/lekiwi_description/share/lekiwi_description/URDF/meshes/SO_ARM100_08k_Mirror-v1.stl
/home/anirudh/lekiwi_ws/install/lekiwi_description/share/lekiwi_description/URDF/meshes/Bottom-V2-v3.stl
/home/anirudh/lekiwi_ws/install/lekiwi_description/share/lekiwi_description/URDF/meshes/Passive_Horn_01-v1.stl
/home/anirudh/lekiwi_ws/install/lekiwi_description/share/lekiwi_description/URDF/meshes/4-Omni-Directional-Wheel_Single_Body-v1-1.stl
/home/anirudh/lekiwi_ws/install/lekiwi_description/share/lekiwi_description/URDF/meshes/Camera-Mount-v8.stl
/home/anirudh/lekiwi_ws/install/lekiwi_description/share/lekiwi_description/URDF/meshes/drive_motor_mount-v11.stl
/home/anirudh/lekiwi_ws/install/lekiwi_description/share/lekiwi_description/URDF/meshes/ST3215_Servo_Motor-v1.stl
/home/anirudh/lekiwi_ws/install/lekiwi_description/share/lekiwi_description/URDF/meshes/Camera-Model-v3-1.stl
/home/anirudh/lekiwi_ws/install/lekiwi_description/share/lekiwi_description/URDF/meshes/94868A713_NO-THREADS_Female-Threaded-Hex-Standoff-1.stl
/home/anirudh/lekiwi_ws/install/lekiwi_description/share/lekiwi_description/URDF/meshes/STS3215_03a_Wrist_Roll-v1.stl
/home/anirudh/lekiwi_ws/install/lekiwi_description/share/lekiwi_description/URDF/meshes/94868A713_NO-THREADS_Female-Threaded-Hex-Standoff-3.stl
/home/anirudh/lekiwi_ws/install/lekiwi_description/share/lekiwi_description/URDF/meshes/94868A713_NO-THREADS_Female-Threaded-Hex-Standoff-4.stl
/home/anirudh/lekiwi_ws/install/lekiwi_description/share/lekiwi_description/URDF/meshes/STS3215_03a-v1-4.stl
/home/anirudh/lekiwi_ws/install/lekiwi_description/share/lekiwi_description/URDF/meshes/STS3215_03a-v1-1.stl
/home/anirudh/lekiwi_ws/install/lekiwi_description/share/lekiwi_description/URDF/meshes/omni_wheel_mount-v5.stl
/home/anirudh/lekiwi_ws/install/lekiwi_description/share/lekiwi_description/URDF/meshes/drive_motor_mount-v11-2.stl
/home/anirudh/lekiwi_ws/install/lekiwi_description/share/lekiwi_description/URDF/meshes/omni_wheel_mount-v5-2.stl
/home/anirudh/lekiwi_ws/install/lekiwi_description/share/lekiwi_description/URDF/meshes/STS3215_03a-v1.stl
/home/anirudh/lekiwi_ws/install/lekiwi_description/share/lekiwi_description/URDF/meshes/Camera-Model-v3.stl
/home/anirudh/lekiwi_ws/install/lekiwi_description/share/lekiwi_description/URDF/meshes/Rotation_Pitch_08i-v1.stl
/home/anirudh/lekiwi_ws/install/lekiwi_description/share/lekiwi_description/URDF/meshes/STS3215_03a-v1-3.stl
/home/anirudh/lekiwi_ws/install/lekiwi_description/share/lekiwi_description/URDF/meshes/4-Omni-Directional-Wheel_Single_Body-v1-2.stl
/home/anirudh/lekiwi_ws/install/lekiwi_description/share/lekiwi_description/URDF/meshes/drive_motor_mount-v11-1.stl
/home/anirudh/lekiwi_ws/install/lekiwi_description/share/lekiwi_description/URDF/meshes/SO_ARM100_08k_Asym_Mirror_Clip-v1.stl
/home/anirudh/lekiwi_ws/install/lekiwi_description/share/lekiwi_description/ros2_control/lekiwi_ros2_control.xacro
/home/anirudh/lekiwi_ws/install/lekiwi_description/lib/python3.12/site-packages/lekiwi_description-0.0.0-py3.12.egg-info/PKG-INFO
/home/anirudh/lekiwi_ws/install/lekiwi_description/lib/python3.12/site-packages/lekiwi_description-0.0.0-py3.12.egg-info/zip-safe
/home/anirudh/lekiwi_ws/install/lekiwi_description/lib/python3.12/site-packages/lekiwi_description-0.0.0-py3.12.egg-info/top_level.txt
/home/anirudh/lekiwi_ws/install/lekiwi_description/lib/python3.12/site-packages/lekiwi_description-0.0.0-py3.12.egg-info/SOURCES.txt
/home/anirudh/lekiwi_ws/install/lekiwi_description/lib/python3.12/site-packages/lekiwi_description-0.0.0-py3.12.egg-info/requires.txt
/home/anirudh/lekiwi_ws/install/lekiwi_description/lib/python3.12/site-packages/lekiwi_description-0.0.0-py3.12.egg-info/dependency_links.txt
