running egg_info
writing ../../build/lekiwi_bringup/lekiwi_bringup.egg-info/PKG-INFO
writing dependency_links to ../../build/lekiwi_bringup/lekiwi_bringup.egg-info/dependency_links.txt
writing requirements to ../../build/lekiwi_bringup/lekiwi_bringup.egg-info/requires.txt
writing top-level names to ../../build/lekiwi_bringup/lekiwi_bringup.egg-info/top_level.txt
reading manifest file '../../build/lekiwi_bringup/lekiwi_bringup.egg-info/SOURCES.txt'
adding license file 'LICENSE'
writing manifest file '../../build/lekiwi_bringup/lekiwi_bringup.egg-info/SOURCES.txt'
running build
running build_py
running install
running install_lib
running install_data
copying launch/sim.launch.py -> /home/anirudh/lekiwi_ws/install/lekiwi_bringup/share/lekiwi_bringup/launch
copying config/controllers.yaml -> /home/anirudh/lekiwi_ws/install/lekiwi_bringup/share/lekiwi_bringup/config
running install_egg_info
removing '/home/anirudh/lekiwi_ws/install/lekiwi_bringup/lib/python3.12/site-packages/lekiwi_bringup-0.0.0-py3.12.egg-info' (and everything under it)
Copying ../../build/lekiwi_bringup/lekiwi_bringup.egg-info to /home/anirudh/lekiwi_ws/install/lekiwi_bringup/lib/python3.12/site-packages/lekiwi_bringup-0.0.0-py3.12.egg-info
running install_scripts
writing list of installed files to '/home/anirudh/lekiwi_ws/build/lekiwi_bringup/install.log'
