[0.782s] Invoking command in '/home/anirudh/lekiwi_ws/src/lekiwi_description': DEBUGINFOD_URLS=https://debuginfod.ubuntu.com PYTHONPATH=/home/anirudh/lekiwi_ws/build/lekiwi_description/prefix_override:/usr/lib/python3/dist-packages/colcon_core/task/python/colcon_distutils_commands:/home/anirudh/lekiwi_ws/install/lekiwi_description/lib/python3.12/site-packages:${PYTHONPATH} /usr/bin/python3 -W ignore:setup.py install is deprecated -W ignore:easy_install command is deprecated setup.py egg_info --egg-base ../../build/lekiwi_description build --build-base /home/anirudh/lekiwi_ws/build/lekiwi_description/build install --record /home/anirudh/lekiwi_ws/build/lekiwi_description/install.log --single-version-externally-managed install_data
[0.996s] running egg_info
[1.011s] writing ../../build/lekiwi_description/lekiwi_description.egg-info/PKG-INFO
[1.011s] writing dependency_links to ../../build/lekiwi_description/lekiwi_description.egg-info/dependency_links.txt
[1.011s] writing requirements to ../../build/lekiwi_description/lekiwi_description.egg-info/requires.txt
[1.011s] writing top-level names to ../../build/lekiwi_description/lekiwi_description.egg-info/top_level.txt
[1.042s] reading manifest file '../../build/lekiwi_description/lekiwi_description.egg-info/SOURCES.txt'
[1.043s] writing manifest file '../../build/lekiwi_description/lekiwi_description.egg-info/SOURCES.txt'
[1.043s] running build
[1.043s] running build_py
[1.043s] running install
[1.049s] running install_lib
[1.064s] running install_data
[1.064s] copying URDF/lekiwi.urdf.xacro -> /home/anirudh/lekiwi_ws/install/lekiwi_description/share/lekiwi_description/URDF
[1.065s] copying ros2_control/lekiwi_ros2_control.xacro -> /home/anirudh/lekiwi_ws/install/lekiwi_description/share/lekiwi_description/ros2_control
[1.065s] running install_egg_info
[1.081s] removing '/home/anirudh/lekiwi_ws/install/lekiwi_description/lib/python3.12/site-packages/lekiwi_description-0.0.0-py3.12.egg-info' (and everything under it)
[1.081s] Copying ../../build/lekiwi_description/lekiwi_description.egg-info to /home/anirudh/lekiwi_ws/install/lekiwi_description/lib/python3.12/site-packages/lekiwi_description-0.0.0-py3.12.egg-info
[1.081s] running install_scripts
[1.182s] writing list of installed files to '/home/anirudh/lekiwi_ws/build/lekiwi_description/install.log'
[1.203s] Invoked command in '/home/anirudh/lekiwi_ws/src/lekiwi_description' returned '0': DEBUGINFOD_URLS=https://debuginfod.ubuntu.com PYTHONPATH=/home/anirudh/lekiwi_ws/build/lekiwi_description/prefix_override:/usr/lib/python3/dist-packages/colcon_core/task/python/colcon_distutils_commands:/home/anirudh/lekiwi_ws/install/lekiwi_description/lib/python3.12/site-packages:${PYTHONPATH} /usr/bin/python3 -W ignore:setup.py install is deprecated -W ignore:easy_install command is deprecated setup.py egg_info --egg-base ../../build/lekiwi_description build --build-base /home/anirudh/lekiwi_ws/build/lekiwi_description/build install --record /home/anirudh/lekiwi_ws/build/lekiwi_description/install.log --single-version-externally-managed install_data
