running egg_info
creating ../../build/lekiwi_bringup/lekiwi_bringup.egg-info
writing ../../build/lekiwi_bringup/lekiwi_bringup.egg-info/PKG-INFO
writing dependency_links to ../../build/lekiwi_bringup/lekiwi_bringup.egg-info/dependency_links.txt
writing requirements to ../../build/lekiwi_bringup/lekiwi_bringup.egg-info/requires.txt
writing top-level names to ../../build/lekiwi_bringup/lekiwi_bringup.egg-info/top_level.txt
writing manifest file '../../build/lekiwi_bringup/lekiwi_bringup.egg-info/SOURCES.txt'
reading manifest file '../../build/lekiwi_bringup/lekiwi_bringup.egg-info/SOURCES.txt'
adding license file 'LICENSE'
writing manifest file '../../build/lekiwi_bringup/lekiwi_bringup.egg-info/SOURCES.txt'
running build
running build_py
creating /home/anirudh/lekiwi_ws/build/lekiwi_bringup/build
creating /home/anirudh/lekiwi_ws/build/lekiwi_bringup/build/lib
creating /home/anirudh/lekiwi_ws/build/lekiwi_bringup/build/lib/lekiwi_bringup
copying lekiwi_bringup/__init__.py -> /home/anirudh/lekiwi_ws/build/lekiwi_bringup/build/lib/lekiwi_bringup
copying lekiwi_bringup/launch.py -> /home/anirudh/lekiwi_ws/build/lekiwi_bringup/build/lib/lekiwi_bringup
running install
running install_lib
creating /home/anirudh/lekiwi_ws/install/lekiwi_bringup/lib/python3.12/site-packages/lekiwi_bringup
copying /home/anirudh/lekiwi_ws/build/lekiwi_bringup/build/lib/lekiwi_bringup/__init__.py -> /home/anirudh/lekiwi_ws/install/lekiwi_bringup/lib/python3.12/site-packages/lekiwi_bringup
copying /home/anirudh/lekiwi_ws/build/lekiwi_bringup/build/lib/lekiwi_bringup/launch.py -> /home/anirudh/lekiwi_ws/install/lekiwi_bringup/lib/python3.12/site-packages/lekiwi_bringup
byte-compiling /home/anirudh/lekiwi_ws/install/lekiwi_bringup/lib/python3.12/site-packages/lekiwi_bringup/__init__.py to __init__.cpython-312.pyc
byte-compiling /home/anirudh/lekiwi_ws/install/lekiwi_bringup/lib/python3.12/site-packages/lekiwi_bringup/launch.py to launch.cpython-312.pyc
running install_data
creating /home/anirudh/lekiwi_ws/install/lekiwi_bringup/share/ament_index
creating /home/anirudh/lekiwi_ws/install/lekiwi_bringup/share/ament_index/resource_index
creating /home/anirudh/lekiwi_ws/install/lekiwi_bringup/share/ament_index/resource_index/packages
copying resource/lekiwi_bringup -> /home/anirudh/lekiwi_ws/install/lekiwi_bringup/share/ament_index/resource_index/packages
copying package.xml -> /home/anirudh/lekiwi_ws/install/lekiwi_bringup/share/lekiwi_bringup
creating /home/anirudh/lekiwi_ws/install/lekiwi_bringup/share/lekiwi_bringup/launch
copying launch/sim.launch.py -> /home/anirudh/lekiwi_ws/install/lekiwi_bringup/share/lekiwi_bringup/launch
creating /home/anirudh/lekiwi_ws/install/lekiwi_bringup/share/lekiwi_bringup/config
copying config/controllers.yaml -> /home/anirudh/lekiwi_ws/install/lekiwi_bringup/share/lekiwi_bringup/config
running install_egg_info
Copying ../../build/lekiwi_bringup/lekiwi_bringup.egg-info to /home/anirudh/lekiwi_ws/install/lekiwi_bringup/lib/python3.12/site-packages/lekiwi_bringup-0.0.0-py3.12.egg-info
running install_scripts
writing list of installed files to '/home/anirudh/lekiwi_ws/build/lekiwi_bringup/install.log'
