[1.010s] Invoking command in '/home/anirudh/lekiwi_ws/src/lekiwi_bringup': DEBUGINFOD_URLS=https://debuginfod.ubuntu.com PYTHONPATH=/home/anirudh/lekiwi_ws/build/lekiwi_bringup/prefix_override:/usr/lib/python3/dist-packages/colcon_core/task/python/colcon_distutils_commands:/home/anirudh/lekiwi_ws/install/lekiwi_bringup/lib/python3.12/site-packages:${PYTHONPATH} /usr/bin/python3 -W ignore:setup.py install is deprecated -W ignore:easy_install command is deprecated setup.py egg_info --egg-base ../../build/lekiwi_bringup build --build-base /home/anirudh/lekiwi_ws/build/lekiwi_bringup/build install --record /home/anirudh/lekiwi_ws/build/lekiwi_bringup/install.log --single-version-externally-managed install_data
[1.343s] running egg_info
[1.344s] creating ../../build/lekiwi_bringup/lekiwi_bringup.egg-info
[1.366s] writing ../../build/lekiwi_bringup/lekiwi_bringup.egg-info/PKG-INFO
[1.366s] writing dependency_links to ../../build/lekiwi_bringup/lekiwi_bringup.egg-info/dependency_links.txt
[1.366s] writing requirements to ../../build/lekiwi_bringup/lekiwi_bringup.egg-info/requires.txt
[1.366s] writing top-level names to ../../build/lekiwi_bringup/lekiwi_bringup.egg-info/top_level.txt
[1.366s] writing manifest file '../../build/lekiwi_bringup/lekiwi_bringup.egg-info/SOURCES.txt'
[1.413s] reading manifest file '../../build/lekiwi_bringup/lekiwi_bringup.egg-info/SOURCES.txt'
[1.413s] adding license file 'LICENSE'
[1.414s] writing manifest file '../../build/lekiwi_bringup/lekiwi_bringup.egg-info/SOURCES.txt'
[1.415s] running build
[1.415s] running build_py
[1.415s] creating /home/anirudh/lekiwi_ws/build/lekiwi_bringup/build
[1.415s] creating /home/anirudh/lekiwi_ws/build/lekiwi_bringup/build/lib
[1.415s] creating /home/anirudh/lekiwi_ws/build/lekiwi_bringup/build/lib/lekiwi_bringup
[1.415s] copying lekiwi_bringup/__init__.py -> /home/anirudh/lekiwi_ws/build/lekiwi_bringup/build/lib/lekiwi_bringup
[1.415s] copying lekiwi_bringup/launch.py -> /home/anirudh/lekiwi_ws/build/lekiwi_bringup/build/lib/lekiwi_bringup
[1.416s] running install
[1.424s] running install_lib
[1.447s] creating /home/anirudh/lekiwi_ws/install/lekiwi_bringup/lib/python3.12/site-packages/lekiwi_bringup
[1.448s] copying /home/anirudh/lekiwi_ws/build/lekiwi_bringup/build/lib/lekiwi_bringup/__init__.py -> /home/anirudh/lekiwi_ws/install/lekiwi_bringup/lib/python3.12/site-packages/lekiwi_bringup
[1.448s] copying /home/anirudh/lekiwi_ws/build/lekiwi_bringup/build/lib/lekiwi_bringup/launch.py -> /home/anirudh/lekiwi_ws/install/lekiwi_bringup/lib/python3.12/site-packages/lekiwi_bringup
[1.448s] byte-compiling /home/anirudh/lekiwi_ws/install/lekiwi_bringup/lib/python3.12/site-packages/lekiwi_bringup/__init__.py to __init__.cpython-312.pyc
[1.449s] byte-compiling /home/anirudh/lekiwi_ws/install/lekiwi_bringup/lib/python3.12/site-packages/lekiwi_bringup/launch.py to launch.cpython-312.pyc
[1.449s] running install_data
[1.449s] creating /home/anirudh/lekiwi_ws/install/lekiwi_bringup/share/ament_index
[1.449s] creating /home/anirudh/lekiwi_ws/install/lekiwi_bringup/share/ament_index/resource_index
[1.449s] creating /home/anirudh/lekiwi_ws/install/lekiwi_bringup/share/ament_index/resource_index/packages
[1.449s] copying resource/lekiwi_bringup -> /home/anirudh/lekiwi_ws/install/lekiwi_bringup/share/ament_index/resource_index/packages
[1.449s] copying package.xml -> /home/anirudh/lekiwi_ws/install/lekiwi_bringup/share/lekiwi_bringup
[1.450s] creating /home/anirudh/lekiwi_ws/install/lekiwi_bringup/share/lekiwi_bringup/launch
[1.450s] copying launch/sim.launch.py -> /home/anirudh/lekiwi_ws/install/lekiwi_bringup/share/lekiwi_bringup/launch
[1.450s] creating /home/anirudh/lekiwi_ws/install/lekiwi_bringup/share/lekiwi_bringup/config
[1.450s] copying config/controllers.yaml -> /home/anirudh/lekiwi_ws/install/lekiwi_bringup/share/lekiwi_bringup/config
[1.450s] running install_egg_info
[1.474s] Copying ../../build/lekiwi_bringup/lekiwi_bringup.egg-info to /home/anirudh/lekiwi_ws/install/lekiwi_bringup/lib/python3.12/site-packages/lekiwi_bringup-0.0.0-py3.12.egg-info
[1.475s] running install_scripts
[1.634s] writing list of installed files to '/home/anirudh/lekiwi_ws/build/lekiwi_bringup/install.log'
[1.666s] Invoked command in '/home/anirudh/lekiwi_ws/src/lekiwi_bringup' returned '0': DEBUGINFOD_URLS=https://debuginfod.ubuntu.com PYTHONPATH=/home/anirudh/lekiwi_ws/build/lekiwi_bringup/prefix_override:/usr/lib/python3/dist-packages/colcon_core/task/python/colcon_distutils_commands:/home/anirudh/lekiwi_ws/install/lekiwi_bringup/lib/python3.12/site-packages:${PYTHONPATH} /usr/bin/python3 -W ignore:setup.py install is deprecated -W ignore:easy_install command is deprecated setup.py egg_info --egg-base ../../build/lekiwi_bringup build --build-base /home/anirudh/lekiwi_ws/build/lekiwi_bringup/build install --record /home/anirudh/lekiwi_ws/build/lekiwi_bringup/install.log --single-version-externally-managed install_data
