[0.131s] DEBUG:colcon:Command line arguments: ['/usr/bin/colcon', 'build', '--packages-select', 'lekiwi_description']
[0.131s] DEBUG:colcon:Parsed command line arguments: Namespace(log_base=None, log_level=None, verb_name='build', build_base='build', install_base='install', merge_install=False, symlink_install=False, test_result_base=None, continue_on_error=False, executor='parallel', parallel_workers=20, event_handlers=None, ignore_user_meta=False, metas=['./colcon.meta'], base_paths=['.'], packages_ignore=None, packages_ignore_regex=None, paths=None, packages_up_to=None, packages_up_to_regex=None, packages_above=None, packages_above_and_dependencies=None, packages_above_depth=None, packages_select_by_dep=None, packages_skip_by_dep=None, packages_skip_up_to=None, packages_select_build_failed=False, packages_skip_build_finished=False, packages_select_test_failures=False, packages_skip_test_passed=False, packages_select=['lekiwi_description'], packages_skip=None, packages_select_regex=None, packages_skip_regex=None, packages_start=None, packages_end=None, allow_overriding=[], cmake_args=None, cmake_target=None, cmake_target_skip_unavailable=False, cmake_clean_cache=False, cmake_clean_first=False, cmake_force_configure=False, ament_cmake_args=None, catkin_cmake_args=None, catkin_skip_building_tests=False, mixin_files=None, mixin=None, verb_parser=<colcon_mixin.mixin.mixin_argument.MixinArgumentDecorator object at 0x7a53ac2b1f70>, verb_extension=<colcon_core.verb.build.BuildVerb object at 0x7a53ac3d27b0>, main=<bound method BuildVerb.main of <colcon_core.verb.build.BuildVerb object at 0x7a53ac3d27b0>>, mixin_verb=('build',))
[0.179s] Level 1:colcon.colcon_core.package_discovery:discover_packages(colcon_meta) check parameters
[0.179s] Level 1:colcon.colcon_core.package_discovery:discover_packages(recursive) check parameters
[0.179s] Level 1:colcon.colcon_core.package_discovery:discover_packages(ignore) check parameters
[0.179s] Level 1:colcon.colcon_core.package_discovery:discover_packages(path) check parameters
[0.179s] Level 1:colcon.colcon_core.package_discovery:discover_packages(colcon_meta) discover
[0.179s] Level 1:colcon.colcon_core.package_discovery:discover_packages(recursive) discover
[0.179s] INFO:colcon.colcon_core.package_discovery:Crawling recursively for packages in '/home/anirudh/lekiwi_ws'
[0.179s] Level 1:colcon.colcon_core.package_identification:_identify(.) by extensions ['ignore', 'ignore_ament_install']
[0.179s] Level 1:colcon.colcon_core.package_identification:_identify(.) by extension 'ignore'
[0.180s] Level 1:colcon.colcon_core.package_identification:_identify(.) by extension 'ignore_ament_install'
[0.180s] Level 1:colcon.colcon_core.package_identification:_identify(.) by extensions ['colcon_pkg']
[0.180s] Level 1:colcon.colcon_core.package_identification:_identify(.) by extension 'colcon_pkg'
[0.180s] Level 1:colcon.colcon_core.package_identification:_identify(.) by extensions ['colcon_meta']
[0.180s] Level 1:colcon.colcon_core.package_identification:_identify(.) by extension 'colcon_meta'
[0.180s] Level 1:colcon.colcon_core.package_identification:_identify(.) by extensions ['ros']
[0.180s] Level 1:colcon.colcon_core.package_identification:_identify(.) by extension 'ros'
[0.213s] Level 1:colcon.colcon_core.package_identification:_identify(.) by extensions ['cmake', 'python']
[0.213s] Level 1:colcon.colcon_core.package_identification:_identify(.) by extension 'cmake'
[0.213s] Level 1:colcon.colcon_core.package_identification:_identify(.) by extension 'python'
[0.213s] Level 1:colcon.colcon_core.package_identification:_identify(.) by extensions ['python_setup_py']
[0.213s] Level 1:colcon.colcon_core.package_identification:_identify(.) by extension 'python_setup_py'
[0.213s] Level 1:colcon.colcon_core.package_identification:_identify(build) by extensions ['ignore', 'ignore_ament_install']
[0.213s] Level 1:colcon.colcon_core.package_identification:_identify(build) by extension 'ignore'
[0.214s] Level 1:colcon.colcon_core.package_identification:_identify(build) ignored
[0.214s] Level 1:colcon.colcon_core.package_identification:_identify(install) by extensions ['ignore', 'ignore_ament_install']
[0.214s] Level 1:colcon.colcon_core.package_identification:_identify(install) by extension 'ignore'
[0.214s] Level 1:colcon.colcon_core.package_identification:_identify(install) ignored
[0.214s] Level 1:colcon.colcon_core.package_identification:_identify(log) by extensions ['ignore', 'ignore_ament_install']
[0.214s] Level 1:colcon.colcon_core.package_identification:_identify(log) by extension 'ignore'
[0.214s] Level 1:colcon.colcon_core.package_identification:_identify(log) ignored
[0.214s] Level 1:colcon.colcon_core.package_identification:_identify(src) by extensions ['ignore', 'ignore_ament_install']
[0.214s] Level 1:colcon.colcon_core.package_identification:_identify(src) by extension 'ignore'
[0.214s] Level 1:colcon.colcon_core.package_identification:_identify(src) by extension 'ignore_ament_install'
[0.214s] Level 1:colcon.colcon_core.package_identification:_identify(src) by extensions ['colcon_pkg']
[0.214s] Level 1:colcon.colcon_core.package_identification:_identify(src) by extension 'colcon_pkg'
[0.214s] Level 1:colcon.colcon_core.package_identification:_identify(src) by extensions ['colcon_meta']
[0.214s] Level 1:colcon.colcon_core.package_identification:_identify(src) by extension 'colcon_meta'
[0.215s] Level 1:colcon.colcon_core.package_identification:_identify(src) by extensions ['ros']
[0.215s] Level 1:colcon.colcon_core.package_identification:_identify(src) by extension 'ros'
[0.215s] Level 1:colcon.colcon_core.package_identification:_identify(src) by extensions ['cmake', 'python']
[0.215s] Level 1:colcon.colcon_core.package_identification:_identify(src) by extension 'cmake'
[0.215s] Level 1:colcon.colcon_core.package_identification:_identify(src) by extension 'python'
[0.215s] Level 1:colcon.colcon_core.package_identification:_identify(src) by extensions ['python_setup_py']
[0.215s] Level 1:colcon.colcon_core.package_identification:_identify(src) by extension 'python_setup_py'
[0.215s] Level 1:colcon.colcon_core.package_identification:_identify(src/lekiwi_bringup) by extensions ['ignore', 'ignore_ament_install']
[0.215s] Level 1:colcon.colcon_core.package_identification:_identify(src/lekiwi_bringup) by extension 'ignore'
[0.215s] Level 1:colcon.colcon_core.package_identification:_identify(src/lekiwi_bringup) by extension 'ignore_ament_install'
[0.215s] Level 1:colcon.colcon_core.package_identification:_identify(src/lekiwi_bringup) by extensions ['colcon_pkg']
[0.215s] Level 1:colcon.colcon_core.package_identification:_identify(src/lekiwi_bringup) by extension 'colcon_pkg'
[0.215s] Level 1:colcon.colcon_core.package_identification:_identify(src/lekiwi_bringup) by extensions ['colcon_meta']
[0.215s] Level 1:colcon.colcon_core.package_identification:_identify(src/lekiwi_bringup) by extension 'colcon_meta'
[0.215s] Level 1:colcon.colcon_core.package_identification:_identify(src/lekiwi_bringup) by extensions ['ros']
[0.215s] Level 1:colcon.colcon_core.package_identification:_identify(src/lekiwi_bringup) by extension 'ros'
[0.218s] DEBUG:colcon.colcon_core.package_identification:Package 'src/lekiwi_bringup' with type 'ros.ament_python' and name 'lekiwi_bringup'
[0.218s] Level 1:colcon.colcon_core.package_identification:_identify(src/lekiwi_description) by extensions ['ignore', 'ignore_ament_install']
[0.218s] Level 1:colcon.colcon_core.package_identification:_identify(src/lekiwi_description) by extension 'ignore'
[0.218s] Level 1:colcon.colcon_core.package_identification:_identify(src/lekiwi_description) by extension 'ignore_ament_install'
[0.218s] Level 1:colcon.colcon_core.package_identification:_identify(src/lekiwi_description) by extensions ['colcon_pkg']
[0.219s] Level 1:colcon.colcon_core.package_identification:_identify(src/lekiwi_description) by extension 'colcon_pkg'
[0.219s] Level 1:colcon.colcon_core.package_identification:_identify(src/lekiwi_description) by extensions ['colcon_meta']
[0.219s] Level 1:colcon.colcon_core.package_identification:_identify(src/lekiwi_description) by extension 'colcon_meta'
[0.219s] Level 1:colcon.colcon_core.package_identification:_identify(src/lekiwi_description) by extensions ['ros']
[0.219s] Level 1:colcon.colcon_core.package_identification:_identify(src/lekiwi_description) by extension 'ros'
[0.219s] DEBUG:colcon.colcon_core.package_identification:Package 'src/lekiwi_description' with type 'ros.ament_python' and name 'lekiwi_description'
[0.219s] Level 1:colcon.colcon_core.package_discovery:discover_packages(recursive) using defaults
[0.219s] Level 1:colcon.colcon_core.package_discovery:discover_packages(ignore) discover
[0.219s] Level 1:colcon.colcon_core.package_discovery:discover_packages(ignore) using defaults
[0.219s] Level 1:colcon.colcon_core.package_discovery:discover_packages(path) discover
[0.219s] Level 1:colcon.colcon_core.package_discovery:discover_packages(path) using defaults
[0.241s] INFO:colcon.colcon_core.package_selection:Skipping not selected package 'lekiwi_bringup' in 'src/lekiwi_bringup'
[0.242s] Level 1:colcon.colcon_core.package_discovery:discover_packages(prefix_path) check parameters
[0.242s] Level 1:colcon.colcon_core.package_discovery:discover_packages(prefix_path) discover
[0.243s] WARNING:colcon.colcon_ros.prefix_path.ament:The path '/home/anirudh/lekiwi_ws/install/lekiwi_bringup' in the environment variable AMENT_PREFIX_PATH doesn't exist
[0.243s] WARNING:colcon.colcon_ros.prefix_path.ament:The path '/home/anirudh/lekiwi_ws/install/lekiwi_description' in the environment variable AMENT_PREFIX_PATH doesn't exist
[0.244s] DEBUG:colcon.colcon_installed_package_information.package_discovery:Found 0 installed packages in /home/anirudh/lekiwi_ws/install
[0.245s] DEBUG:colcon.colcon_installed_package_information.package_discovery:Found 12 installed packages in /home/anirudh/omx_ws/install
[0.245s] DEBUG:colcon.colcon_installed_package_information.package_discovery:Found 1 installed packages in /home/anirudh/robotics/cpp/install
[0.248s] DEBUG:colcon.colcon_installed_package_information.package_discovery:Found 424 installed packages in /opt/ros/jazzy
[0.250s] Level 1:colcon.colcon_core.package_discovery:discover_packages(prefix_path) using defaults
[0.311s] Level 5:colcon.colcon_core.verb:set package 'lekiwi_description' build argument 'cmake_args' from command line to 'None'
[0.311s] Level 5:colcon.colcon_core.verb:set package 'lekiwi_description' build argument 'cmake_target' from command line to 'None'
[0.311s] Level 5:colcon.colcon_core.verb:set package 'lekiwi_description' build argument 'cmake_target_skip_unavailable' from command line to 'False'
[0.311s] Level 5:colcon.colcon_core.verb:set package 'lekiwi_description' build argument 'cmake_clean_cache' from command line to 'False'
[0.311s] Level 5:colcon.colcon_core.verb:set package 'lekiwi_description' build argument 'cmake_clean_first' from command line to 'False'
[0.311s] Level 5:colcon.colcon_core.verb:set package 'lekiwi_description' build argument 'cmake_force_configure' from command line to 'False'
[0.311s] Level 5:colcon.colcon_core.verb:set package 'lekiwi_description' build argument 'ament_cmake_args' from command line to 'None'
[0.311s] Level 5:colcon.colcon_core.verb:set package 'lekiwi_description' build argument 'catkin_cmake_args' from command line to 'None'
[0.311s] Level 5:colcon.colcon_core.verb:set package 'lekiwi_description' build argument 'catkin_skip_building_tests' from command line to 'False'
[0.311s] DEBUG:colcon.colcon_core.verb:Building package 'lekiwi_description' with the following arguments: {'ament_cmake_args': None, 'build_base': '/home/anirudh/lekiwi_ws/build/lekiwi_description', 'catkin_cmake_args': None, 'catkin_skip_building_tests': False, 'cmake_args': None, 'cmake_clean_cache': False, 'cmake_clean_first': False, 'cmake_force_configure': False, 'cmake_target': None, 'cmake_target_skip_unavailable': False, 'install_base': '/home/anirudh/lekiwi_ws/install/lekiwi_description', 'merge_install': False, 'path': '/home/anirudh/lekiwi_ws/src/lekiwi_description', 'symlink_install': False, 'test_result_base': None}
[0.312s] INFO:colcon.colcon_core.executor:Executing jobs using 'parallel' executor
[0.313s] DEBUG:colcon.colcon_parallel_executor.executor.parallel:run_until_complete
[0.314s] INFO:colcon.colcon_ros.task.ament_python.build:Building ROS package in '/home/anirudh/lekiwi_ws/src/lekiwi_description' with build type 'ament_python'
[0.314s] Level 1:colcon.colcon_core.shell:create_environment_hook('lekiwi_description', 'ament_prefix_path')
[0.316s] INFO:colcon.colcon_core.plugin_system:Skipping extension 'colcon_core.shell.bat': Not used on non-Windows systems
[0.316s] INFO:colcon.colcon_core.shell:Creating environment hook '/home/anirudh/lekiwi_ws/install/lekiwi_description/share/lekiwi_description/hook/ament_prefix_path.ps1'
[0.318s] INFO:colcon.colcon_core.shell:Creating environment descriptor '/home/anirudh/lekiwi_ws/install/lekiwi_description/share/lekiwi_description/hook/ament_prefix_path.dsv'
[0.318s] INFO:colcon.colcon_core.shell:Creating environment hook '/home/anirudh/lekiwi_ws/install/lekiwi_description/share/lekiwi_description/hook/ament_prefix_path.sh'
[0.319s] INFO:colcon.colcon_core.shell:Skip shell extension 'powershell' for command environment: Not usable outside of PowerShell
[0.319s] DEBUG:colcon.colcon_core.shell:Skip shell extension 'dsv' for command environment
[0.628s] INFO:colcon.colcon_core.task.python.build:Building Python package in '/home/anirudh/lekiwi_ws/src/lekiwi_description'
[0.629s] INFO:colcon.colcon_core.shell:Skip shell extension 'powershell' for command environment: Not usable outside of PowerShell
[0.629s] DEBUG:colcon.colcon_core.shell:Skip shell extension 'dsv' for command environment
[1.358s] DEBUG:colcon.colcon_core.event_handler.log_command:Invoking command in '/home/anirudh/lekiwi_ws/src/lekiwi_description': DEBUGINFOD_URLS=https://debuginfod.ubuntu.com PYTHONPATH=/home/anirudh/lekiwi_ws/build/lekiwi_description/prefix_override:/usr/lib/python3/dist-packages/colcon_core/task/python/colcon_distutils_commands:/home/anirudh/lekiwi_ws/install/lekiwi_description/lib/python3.12/site-packages:${PYTHONPATH} /usr/bin/python3 -W ignore:setup.py install is deprecated -W ignore:easy_install command is deprecated setup.py egg_info --egg-base ../../build/lekiwi_description build --build-base /home/anirudh/lekiwi_ws/build/lekiwi_description/build install --record /home/anirudh/lekiwi_ws/build/lekiwi_description/install.log --single-version-externally-managed install_data
[2.062s] DEBUG:colcon.colcon_core.event_handler.log_command:Invoked command in '/home/anirudh/lekiwi_ws/src/lekiwi_description' returned '0': DEBUGINFOD_URLS=https://debuginfod.ubuntu.com PYTHONPATH=/home/anirudh/lekiwi_ws/build/lekiwi_description/prefix_override:/usr/lib/python3/dist-packages/colcon_core/task/python/colcon_distutils_commands:/home/anirudh/lekiwi_ws/install/lekiwi_description/lib/python3.12/site-packages:${PYTHONPATH} /usr/bin/python3 -W ignore:setup.py install is deprecated -W ignore:easy_install command is deprecated setup.py egg_info --egg-base ../../build/lekiwi_description build --build-base /home/anirudh/lekiwi_ws/build/lekiwi_description/build install --record /home/anirudh/lekiwi_ws/build/lekiwi_description/install.log --single-version-externally-managed install_data
[2.065s] Level 1:colcon.colcon_core.environment:checking '/home/anirudh/lekiwi_ws/install/lekiwi_description' for CMake module files
[2.065s] Level 1:colcon.colcon_core.environment:checking '/home/anirudh/lekiwi_ws/install/lekiwi_description' for CMake config files
[2.066s] Level 1:colcon.colcon_core.environment:checking '/home/anirudh/lekiwi_ws/install/lekiwi_description/lib'
[2.067s] Level 1:colcon.colcon_core.environment:checking '/home/anirudh/lekiwi_ws/install/lekiwi_description/bin'
[2.067s] Level 1:colcon.colcon_core.environment:checking '/home/anirudh/lekiwi_ws/install/lekiwi_description/lib/pkgconfig/lekiwi_description.pc'
[2.067s] Level 1:colcon.colcon_core.environment:checking '/home/anirudh/lekiwi_ws/install/lekiwi_description/lib/python3.12/site-packages'
[2.067s] Level 1:colcon.colcon_core.shell:create_environment_hook('lekiwi_description', 'pythonpath')
[2.067s] INFO:colcon.colcon_core.shell:Creating environment hook '/home/anirudh/lekiwi_ws/install/lekiwi_description/share/lekiwi_description/hook/pythonpath.ps1'
[2.068s] INFO:colcon.colcon_core.shell:Creating environment descriptor '/home/anirudh/lekiwi_ws/install/lekiwi_description/share/lekiwi_description/hook/pythonpath.dsv'
[2.068s] INFO:colcon.colcon_core.shell:Creating environment hook '/home/anirudh/lekiwi_ws/install/lekiwi_description/share/lekiwi_description/hook/pythonpath.sh'
[2.069s] Level 1:colcon.colcon_core.environment:checking '/home/anirudh/lekiwi_ws/install/lekiwi_description/bin'
[2.069s] Level 1:colcon.colcon_core.environment:create_environment_scripts_only(lekiwi_description)
[2.069s] INFO:colcon.colcon_core.shell:Creating package script '/home/anirudh/lekiwi_ws/install/lekiwi_description/share/lekiwi_description/package.ps1'
[2.070s] INFO:colcon.colcon_core.shell:Creating package descriptor '/home/anirudh/lekiwi_ws/install/lekiwi_description/share/lekiwi_description/package.dsv'
[2.071s] INFO:colcon.colcon_core.shell:Creating package script '/home/anirudh/lekiwi_ws/install/lekiwi_description/share/lekiwi_description/package.sh'
[2.072s] INFO:colcon.colcon_core.shell:Creating package script '/home/anirudh/lekiwi_ws/install/lekiwi_description/share/lekiwi_description/package.bash'
[2.073s] INFO:colcon.colcon_core.shell:Creating package script '/home/anirudh/lekiwi_ws/install/lekiwi_description/share/lekiwi_description/package.zsh'
[2.073s] Level 1:colcon.colcon_core.environment:create_file_with_runtime_dependencies(/home/anirudh/lekiwi_ws/install/lekiwi_description/share/colcon-core/packages/lekiwi_description)
[2.074s] DEBUG:colcon.colcon_parallel_executor.executor.parallel:closing loop
[2.074s] DEBUG:colcon.colcon_parallel_executor.executor.parallel:loop closed
[2.074s] DEBUG:colcon.colcon_parallel_executor.executor.parallel:run_until_complete finished with '0'
[2.074s] DEBUG:colcon.colcon_core.event_reactor:joining thread
[2.080s] INFO:colcon.colcon_core.plugin_system:Skipping extension 'colcon_notification.desktop_notification.terminal_notifier': Not used on non-Darwin systems
[2.080s] INFO:colcon.colcon_core.plugin_system:Skipping extension 'colcon_notification.desktop_notification.win32': Not used on non-Windows systems
[2.080s] INFO:colcon.colcon_notification.desktop_notification:Sending desktop notification using 'notify2'
[2.098s] DEBUG:colcon.colcon_core.event_reactor:joined thread
[2.098s] INFO:colcon.colcon_core.shell:Creating prefix script '/home/anirudh/lekiwi_ws/install/local_setup.ps1'
[2.100s] INFO:colcon.colcon_core.shell:Creating prefix util module '/home/anirudh/lekiwi_ws/install/_local_setup_util_ps1.py'
[2.101s] INFO:colcon.colcon_core.shell:Creating prefix chain script '/home/anirudh/lekiwi_ws/install/setup.ps1'
[2.104s] INFO:colcon.colcon_core.shell:Creating prefix script '/home/anirudh/lekiwi_ws/install/local_setup.sh'
[2.104s] INFO:colcon.colcon_core.shell:Creating prefix util module '/home/anirudh/lekiwi_ws/install/_local_setup_util_sh.py'
[2.105s] INFO:colcon.colcon_core.shell:Creating prefix chain script '/home/anirudh/lekiwi_ws/install/setup.sh'
[2.108s] INFO:colcon.colcon_core.shell:Creating prefix script '/home/anirudh/lekiwi_ws/install/local_setup.bash'
[2.109s] INFO:colcon.colcon_core.shell:Creating prefix chain script '/home/anirudh/lekiwi_ws/install/setup.bash'
[2.111s] INFO:colcon.colcon_core.shell:Creating prefix script '/home/anirudh/lekiwi_ws/install/local_setup.zsh'
[2.111s] INFO:colcon.colcon_core.shell:Creating prefix chain script '/home/anirudh/lekiwi_ws/install/setup.zsh'
