-- Install configuration: ""
-- Up-to-date: /home/anirudh/lekiwi_ws/install/lekiwi_moveit_pkg/share/ament_index/resource_index/package_run_dependencies/lekiwi_moveit_pkg
-- Up-to-date: /home/anirudh/lekiwi_ws/install/lekiwi_moveit_pkg/share/ament_index/resource_index/parent_prefix_path/lekiwi_moveit_pkg
-- Up-to-date: /home/anirudh/lekiwi_ws/install/lekiwi_moveit_pkg/share/lekiwi_moveit_pkg/environment/ament_prefix_path.sh
-- Up-to-date: /home/anirudh/lekiwi_ws/install/lekiwi_moveit_pkg/share/lekiwi_moveit_pkg/environment/ament_prefix_path.dsv
-- Up-to-date: /home/anirudh/lekiwi_ws/install/lekiwi_moveit_pkg/share/lekiwi_moveit_pkg/environment/path.sh
-- Up-to-date: /home/anirudh/lekiwi_ws/install/lekiwi_moveit_pkg/share/lekiwi_moveit_pkg/environment/path.dsv
-- Up-to-date: /home/anirudh/lekiwi_ws/install/lekiwi_moveit_pkg/share/lekiwi_moveit_pkg/local_setup.bash
-- Up-to-date: /home/anirudh/lekiwi_ws/install/lekiwi_moveit_pkg/share/lekiwi_moveit_pkg/local_setup.sh
-- Up-to-date: /home/anirudh/lekiwi_ws/install/lekiwi_moveit_pkg/share/lekiwi_moveit_pkg/local_setup.zsh
-- Up-to-date: /home/anirudh/lekiwi_ws/install/lekiwi_moveit_pkg/share/lekiwi_moveit_pkg/local_setup.dsv
-- Installing: /home/anirudh/lekiwi_ws/install/lekiwi_moveit_pkg/share/lekiwi_moveit_pkg/package.dsv
-- Up-to-date: /home/anirudh/lekiwi_ws/install/lekiwi_moveit_pkg/share/ament_index/resource_index/packages/lekiwi_moveit_pkg
-- Up-to-date: /home/anirudh/lekiwi_ws/install/lekiwi_moveit_pkg/share/lekiwi_moveit_pkg/cmake/lekiwi_moveit_pkgConfig.cmake
-- Up-to-date: /home/anirudh/lekiwi_ws/install/lekiwi_moveit_pkg/share/lekiwi_moveit_pkg/cmake/lekiwi_moveit_pkgConfig-version.cmake
-- Up-to-date: /home/anirudh/lekiwi_ws/install/lekiwi_moveit_pkg/share/lekiwi_moveit_pkg/package.xml
-- Up-to-date: /home/anirudh/lekiwi_ws/install/lekiwi_moveit_pkg/share/lekiwi_moveit_pkg/launch
-- Up-to-date: /home/anirudh/lekiwi_ws/install/lekiwi_moveit_pkg/share/lekiwi_moveit_pkg/launch/moveit_rviz.launch.py
-- Up-to-date: /home/anirudh/lekiwi_ws/install/lekiwi_moveit_pkg/share/lekiwi_moveit_pkg/launch/move_group.launch.py
-- Up-to-date: /home/anirudh/lekiwi_ws/install/lekiwi_moveit_pkg/share/lekiwi_moveit_pkg/launch/warehouse_db.launch.py
-- Up-to-date: /home/anirudh/lekiwi_ws/install/lekiwi_moveit_pkg/share/lekiwi_moveit_pkg/launch/demo.launch.py
-- Up-to-date: /home/anirudh/lekiwi_ws/install/lekiwi_moveit_pkg/share/lekiwi_moveit_pkg/launch/setup_assistant.launch.py
-- Up-to-date: /home/anirudh/lekiwi_ws/install/lekiwi_moveit_pkg/share/lekiwi_moveit_pkg/launch/spawn_controllers.launch.py
-- Up-to-date: /home/anirudh/lekiwi_ws/install/lekiwi_moveit_pkg/share/lekiwi_moveit_pkg/launch/rsp.launch.py
-- Up-to-date: /home/anirudh/lekiwi_ws/install/lekiwi_moveit_pkg/share/lekiwi_moveit_pkg/launch/static_virtual_joint_tfs.launch.py
-- Up-to-date: /home/anirudh/lekiwi_ws/install/lekiwi_moveit_pkg/share/lekiwi_moveit_pkg/config
-- Up-to-date: /home/anirudh/lekiwi_ws/install/lekiwi_moveit_pkg/share/lekiwi_moveit_pkg/config/pilz_cartesian_limits.yaml
-- Up-to-date: /home/anirudh/lekiwi_ws/install/lekiwi_moveit_pkg/share/lekiwi_moveit_pkg/config/ros2_controllers.yaml
-- Up-to-date: /home/anirudh/lekiwi_ws/install/lekiwi_moveit_pkg/share/lekiwi_moveit_pkg/config/moveit.rviz
-- Up-to-date: /home/anirudh/lekiwi_ws/install/lekiwi_moveit_pkg/share/lekiwi_moveit_pkg/config/LeKiwi.ros2_control.xacro
-- Up-to-date: /home/anirudh/lekiwi_ws/install/lekiwi_moveit_pkg/share/lekiwi_moveit_pkg/config/initial_positions.yaml
-- Up-to-date: /home/anirudh/lekiwi_ws/install/lekiwi_moveit_pkg/share/lekiwi_moveit_pkg/config/joint_limits.yaml
-- Up-to-date: /home/anirudh/lekiwi_ws/install/lekiwi_moveit_pkg/share/lekiwi_moveit_pkg/config/LeKiwi.urdf.xacro
-- Up-to-date: /home/anirudh/lekiwi_ws/install/lekiwi_moveit_pkg/share/lekiwi_moveit_pkg/config/moveit_controllers.yaml
-- Up-to-date: /home/anirudh/lekiwi_ws/install/lekiwi_moveit_pkg/share/lekiwi_moveit_pkg/config/kinematics.yaml
-- Up-to-date: /home/anirudh/lekiwi_ws/install/lekiwi_moveit_pkg/share/lekiwi_moveit_pkg/config/LeKiwi.srdf
-- Up-to-date: /home/anirudh/lekiwi_ws/install/lekiwi_moveit_pkg/share/lekiwi_moveit_pkg/.setup_assistant
